2024-08-30T15:30:31.343Z  INFO 3720 --- [learn-sb] [main] sn.cisse410.LearnSbApplication           : Starting LearnSbApplication using Java 21.0.1 with PID 3720 (C:\Users\vPro\Desktop\licence3\working\spring-boot\learn-sb\target\classes started by vPro in C:\Users\vPro\Desktop\licence3\working\spring-boot\learn-sb)
2024-08-30T15:30:31.410Z  INFO 3720 --- [learn-sb] [main] sn.cisse410.LearnSbApplication           : The following 1 profile is active: "dev"
2024-08-30T15:30:35.044Z  INFO 3720 --- [learn-sb] [main] .s.d.r.c.RepositoryConfigurationDelegate : Bootstrapping Spring Data JPA repositories in DEFAULT mode.
2024-08-30T15:30:35.170Z  INFO 3720 --- [learn-sb] [main] .s.d.r.c.RepositoryConfigurationDelegate : Finished Spring Data repository scanning in 104 ms. Found 1 JPA repository interface.
2024-08-30T15:30:37.172Z  INFO 3720 --- [learn-sb] [main] o.s.b.w.embedded.tomcat.TomcatWebServer  : Tomcat initialized with port 8500 (http)
2024-08-30T15:30:37.211Z  INFO 3720 --- [learn-sb] [main] o.apache.catalina.core.StandardService   : Starting service [Tomcat]
2024-08-30T15:30:37.212Z  INFO 3720 --- [learn-sb] [main] o.apache.catalina.core.StandardEngine    : Starting Servlet engine: [Apache Tomcat/10.1.28]
2024-08-30T15:30:37.558Z  INFO 3720 --- [learn-sb] [main] o.a.c.c.C.[Tomcat].[localhost].[/]       : Initializing Spring embedded WebApplicationContext
2024-08-30T15:30:37.562Z  INFO 3720 --- [learn-sb] [main] w.s.c.ServletWebServerApplicationContext : Root WebApplicationContext: initialization completed in 5995 ms
2024-08-30T15:30:38.579Z  INFO 3720 --- [learn-sb] [main] o.hibernate.jpa.internal.util.LogHelper  : HHH000204: Processing PersistenceUnitInfo [name: default]
2024-08-30T15:30:38.745Z  INFO 3720 --- [learn-sb] [main] org.hibernate.Version                    : HHH000412: Hibernate ORM core version 6.5.2.Final
2024-08-30T15:30:38.856Z  INFO 3720 --- [learn-sb] [main] o.h.c.internal.RegionFactoryInitiator    : HHH000026: Second-level cache disabled
2024-08-30T15:30:39.619Z  INFO 3720 --- [learn-sb] [main] o.s.o.j.p.SpringPersistenceUnitInfo      : No LoadTimeWeaver setup: ignoring JPA class transformer
2024-08-30T15:30:39.717Z  INFO 3720 --- [learn-sb] [main] com.zaxxer.hikari.HikariDataSource       : HikariPool-1 - Starting...
2024-08-30T15:30:40.081Z  INFO 3720 --- [learn-sb] [main] com.zaxxer.hikari.pool.HikariPool        : HikariPool-1 - Added connection com.mysql.cj.jdbc.ConnectionImpl@76d1f6ea
2024-08-30T15:30:40.087Z  INFO 3720 --- [learn-sb] [main] com.zaxxer.hikari.HikariDataSource       : HikariPool-1 - Start completed.
2024-08-30T15:30:40.216Z  WARN 3720 --- [learn-sb] [main] org.hibernate.dialect.Dialect            : HHH000511: The 5.5.5 version for [org.hibernate.dialect.MySQLDialect] is no longer supported, hence certain features may not work properly. The minimum supported version is 8.0.0. Check the community dialects project for available legacy versions.
2024-08-30T15:30:41.781Z  INFO 3720 --- [learn-sb] [main] o.h.e.t.j.p.i.JtaPlatformInitiator       : HHH000489: No JTA platform available (set 'hibernate.transaction.jta.platform' to enable JTA platform integration)
2024-08-30T15:30:41.881Z  INFO 3720 --- [learn-sb] [main] j.LocalContainerEntityManagerFactoryBean : Initialized JPA EntityManagerFactory for persistence unit 'default'
2024-08-30T15:30:42.759Z  INFO 3720 --- [learn-sb] [main] o.s.d.j.r.query.QueryEnhancerFactory     : Hibernate is in classpath; If applicable, HQL parser will be used.
2024-08-30T15:30:44.043Z  WARN 3720 --- [learn-sb] [main] JpaBaseConfiguration$JpaWebConfiguration : spring.jpa.open-in-view is enabled by default. Therefore, database queries may be performed during view rendering. Explicitly configure spring.jpa.open-in-view to disable this warning
2024-08-30T15:30:44.151Z  INFO 3720 --- [learn-sb] [main] o.s.b.a.w.s.WelcomePageHandlerMapping    : Adding welcome page: class path resource [static/index.html]
2024-08-30T15:30:45.949Z  WARN 3720 --- [learn-sb] [main] .s.s.UserDetailsServiceAutoConfiguration : 

Using generated security password: 5a7b9b53-4bcc-48a2-b488-b0815fde1217

This generated password is for development use only. Your security configuration must be updated before running your application in production.

2024-08-30T15:30:46.013Z  INFO 3720 --- [learn-sb] [main] r$InitializeUserDetailsManagerConfigurer : Global AuthenticationManager configured with UserDetailsService bean with name inMemoryUserDetailsManager
2024-08-30T15:30:46.450Z  INFO 3720 --- [learn-sb] [main] o.s.b.a.e.web.EndpointLinksResolver      : Exposing 4 endpoints beneath base path '/actuator'
2024-08-30T15:30:47.063Z  INFO 3720 --- [learn-sb] [main] o.s.b.w.embedded.tomcat.TomcatWebServer  : Tomcat started on port 8500 (http) with context path '/'
2024-08-30T15:30:47.140Z  INFO 3720 --- [learn-sb] [main] sn.cisse410.LearnSbApplication           : Started LearnSbApplication in 16.661 seconds (process running for 17.912)
2024-08-30T15:30:47.199Z  INFO 3720 --- [learn-sb] [RMI TCP Connection(2)-127.0.0.1] o.a.c.c.C.[Tomcat].[localhost].[/]       : Initializing Spring DispatcherServlet 'dispatcherServlet'
2024-08-30T15:30:47.200Z  INFO 3720 --- [learn-sb] [RMI TCP Connection(2)-127.0.0.1] o.s.web.servlet.DispatcherServlet        : Initializing Servlet 'dispatcherServlet'
2024-08-30T15:30:47.205Z  INFO 3720 --- [learn-sb] [RMI TCP Connection(2)-127.0.0.1] o.s.web.servlet.DispatcherServlet        : Completed initialization in 4 ms
2024-08-30T15:35:32.646Z  INFO 10724 --- [learn-sb] [main] sn.cisse410.LearnSbApplication           : Starting LearnSbApplication using Java 21.0.1 with PID 10724 (C:\Users\vPro\Desktop\licence3\working\spring-boot\learn-sb\target\classes started by vPro in C:\Users\vPro\Desktop\licence3\working\spring-boot\learn-sb)
2024-08-30T15:35:32.671Z  INFO 10724 --- [learn-sb] [main] sn.cisse410.LearnSbApplication           : The following 1 profile is active: "dev"
2024-08-30T15:35:37.362Z  INFO 10724 --- [learn-sb] [main] .s.d.r.c.RepositoryConfigurationDelegate : Bootstrapping Spring Data JPA repositories in DEFAULT mode.
2024-08-30T15:35:37.485Z  INFO 10724 --- [learn-sb] [main] .s.d.r.c.RepositoryConfigurationDelegate : Finished Spring Data repository scanning in 98 ms. Found 1 JPA repository interface.
2024-08-30T15:35:40.108Z  INFO 10724 --- [learn-sb] [main] o.s.b.w.embedded.tomcat.TomcatWebServer  : Tomcat initialized with port 8500 (http)
2024-08-30T15:35:40.163Z  INFO 10724 --- [learn-sb] [main] o.apache.catalina.core.StandardService   : Starting service [Tomcat]
2024-08-30T15:35:40.165Z  INFO 10724 --- [learn-sb] [main] o.apache.catalina.core.StandardEngine    : Starting Servlet engine: [Apache Tomcat/10.1.28]
2024-08-30T15:35:40.395Z  INFO 10724 --- [learn-sb] [main] o.a.c.c.C.[Tomcat].[localhost].[/]       : Initializing Spring embedded WebApplicationContext
2024-08-30T15:35:40.397Z  INFO 10724 --- [learn-sb] [main] w.s.c.ServletWebServerApplicationContext : Root WebApplicationContext: initialization completed in 7338 ms
2024-08-30T15:35:44.247Z  INFO 10724 --- [learn-sb] [main] o.hibernate.jpa.internal.util.LogHelper  : HHH000204: Processing PersistenceUnitInfo [name: default]
2024-08-30T15:35:44.590Z  INFO 10724 --- [learn-sb] [main] org.hibernate.Version                    : HHH000412: Hibernate ORM core version 6.5.2.Final
2024-08-30T15:35:44.709Z  INFO 10724 --- [learn-sb] [main] o.h.c.internal.RegionFactoryInitiator    : HHH000026: Second-level cache disabled
2024-08-30T15:35:45.494Z  INFO 10724 --- [learn-sb] [main] o.s.o.j.p.SpringPersistenceUnitInfo      : No LoadTimeWeaver setup: ignoring JPA class transformer
2024-08-30T15:35:45.590Z  INFO 10724 --- [learn-sb] [main] com.zaxxer.hikari.HikariDataSource       : HikariPool-1 - Starting...
2024-08-30T15:35:45.932Z  INFO 10724 --- [learn-sb] [main] com.zaxxer.hikari.pool.HikariPool        : HikariPool-1 - Added connection com.mysql.cj.jdbc.ConnectionImpl@34f48d1
2024-08-30T15:35:45.938Z  INFO 10724 --- [learn-sb] [main] com.zaxxer.hikari.HikariDataSource       : HikariPool-1 - Start completed.
2024-08-30T15:35:46.060Z  WARN 10724 --- [learn-sb] [main] org.hibernate.dialect.Dialect            : HHH000511: The 5.5.5 version for [org.hibernate.dialect.MySQLDialect] is no longer supported, hence certain features may not work properly. The minimum supported version is 8.0.0. Check the community dialects project for available legacy versions.
2024-08-30T15:35:47.980Z  INFO 10724 --- [learn-sb] [main] o.h.e.t.j.p.i.JtaPlatformInitiator       : HHH000489: No JTA platform available (set 'hibernate.transaction.jta.platform' to enable JTA platform integration)
2024-08-30T15:35:48.057Z  INFO 10724 --- [learn-sb] [main] j.LocalContainerEntityManagerFactoryBean : Initialized JPA EntityManagerFactory for persistence unit 'default'
2024-08-30T15:35:48.990Z  INFO 10724 --- [learn-sb] [main] o.s.d.j.r.query.QueryEnhancerFactory     : Hibernate is in classpath; If applicable, HQL parser will be used.
2024-08-30T15:35:49.867Z  WARN 10724 --- [learn-sb] [main] JpaBaseConfiguration$JpaWebConfiguration : spring.jpa.open-in-view is enabled by default. Therefore, database queries may be performed during view rendering. Explicitly configure spring.jpa.open-in-view to disable this warning
2024-08-30T15:35:49.971Z  INFO 10724 --- [learn-sb] [main] o.s.b.a.w.s.WelcomePageHandlerMapping    : Adding welcome page: class path resource [static/index.html]
2024-08-30T15:35:52.347Z  INFO 10724 --- [learn-sb] [main] r$InitializeUserDetailsManagerConfigurer : Global AuthenticationManager configured with UserDetailsService bean with name inMemoryUserDetailsManager
2024-08-30T15:35:52.930Z  INFO 10724 --- [learn-sb] [main] o.s.b.a.e.web.EndpointLinksResolver      : Exposing 4 endpoints beneath base path '/actuator'
2024-08-30T15:35:53.773Z  INFO 10724 --- [learn-sb] [main] o.s.b.w.embedded.tomcat.TomcatWebServer  : Tomcat started on port 8500 (http) with context path '/'
2024-08-30T15:35:53.809Z  INFO 10724 --- [learn-sb] [RMI TCP Connection(2)-127.0.0.1] o.a.c.c.C.[Tomcat].[localhost].[/]       : Initializing Spring DispatcherServlet 'dispatcherServlet'
2024-08-30T15:35:53.824Z  INFO 10724 --- [learn-sb] [RMI TCP Connection(2)-127.0.0.1] o.s.web.servlet.DispatcherServlet        : Initializing Servlet 'dispatcherServlet'
2024-08-30T15:35:53.837Z  INFO 10724 --- [learn-sb] [RMI TCP Connection(2)-127.0.0.1] o.s.web.servlet.DispatcherServlet        : Completed initialization in 6 ms
2024-08-30T15:35:53.864Z  INFO 10724 --- [learn-sb] [main] sn.cisse410.LearnSbApplication           : Started LearnSbApplication in 22.351 seconds (process running for 23.886)
2024-08-30T16:37:06.857Z  INFO 18516 --- [learn-sb] [main] sn.cisse410.LearnSbApplication           : Starting LearnSbApplication using Java 21.0.1 with PID 18516 (C:\Users\vPro\Desktop\licence3\working\spring-boot\learn-sb\target\classes started by vPro in C:\Users\vPro\Desktop\licence3\working\spring-boot\learn-sb)
2024-08-30T16:37:06.868Z  INFO 18516 --- [learn-sb] [main] sn.cisse410.LearnSbApplication           : The following 1 profile is active: "dev"
2024-08-30T16:37:11.228Z  INFO 18516 --- [learn-sb] [main] .s.d.r.c.RepositoryConfigurationDelegate : Bootstrapping Spring Data JPA repositories in DEFAULT mode.
2024-08-30T16:37:11.394Z  INFO 18516 --- [learn-sb] [main] .s.d.r.c.RepositoryConfigurationDelegate : Finished Spring Data repository scanning in 141 ms. Found 2 JPA repository interfaces.
2024-08-30T16:37:13.873Z  INFO 18516 --- [learn-sb] [main] o.s.b.w.embedded.tomcat.TomcatWebServer  : Tomcat initialized with port 8500 (http)
2024-08-30T16:37:13.934Z  INFO 18516 --- [learn-sb] [main] o.apache.catalina.core.StandardService   : Starting service [Tomcat]
2024-08-30T16:37:13.943Z  INFO 18516 --- [learn-sb] [main] o.apache.catalina.core.StandardEngine    : Starting Servlet engine: [Apache Tomcat/10.1.28]
2024-08-30T16:37:14.173Z  INFO 18516 --- [learn-sb] [main] o.a.c.c.C.[Tomcat].[localhost].[/]       : Initializing Spring embedded WebApplicationContext
2024-08-30T16:37:14.176Z  INFO 18516 --- [learn-sb] [main] w.s.c.ServletWebServerApplicationContext : Root WebApplicationContext: initialization completed in 7158 ms
2024-08-30T16:37:15.564Z  INFO 18516 --- [learn-sb] [main] o.hibernate.jpa.internal.util.LogHelper  : HHH000204: Processing PersistenceUnitInfo [name: default]
2024-08-30T16:37:15.796Z  INFO 18516 --- [learn-sb] [main] org.hibernate.Version                    : HHH000412: Hibernate ORM core version 6.5.2.Final
2024-08-30T16:37:15.907Z  INFO 18516 --- [learn-sb] [main] o.h.c.internal.RegionFactoryInitiator    : HHH000026: Second-level cache disabled
2024-08-30T16:37:16.839Z  INFO 18516 --- [learn-sb] [main] o.s.o.j.p.SpringPersistenceUnitInfo      : No LoadTimeWeaver setup: ignoring JPA class transformer
2024-08-30T16:37:16.930Z  INFO 18516 --- [learn-sb] [main] com.zaxxer.hikari.HikariDataSource       : HikariPool-1 - Starting...
2024-08-30T16:37:17.342Z  INFO 18516 --- [learn-sb] [main] com.zaxxer.hikari.pool.HikariPool        : HikariPool-1 - Added connection com.mysql.cj.jdbc.ConnectionImpl@4ff0706c
2024-08-30T16:37:17.347Z  INFO 18516 --- [learn-sb] [main] com.zaxxer.hikari.HikariDataSource       : HikariPool-1 - Start completed.
2024-08-30T16:37:17.580Z  WARN 18516 --- [learn-sb] [main] org.hibernate.dialect.Dialect            : HHH000511: The 5.5.5 version for [org.hibernate.dialect.MySQLDialect] is no longer supported, hence certain features may not work properly. The minimum supported version is 8.0.0. Check the community dialects project for available legacy versions.
2024-08-30T16:37:20.005Z  INFO 18516 --- [learn-sb] [main] o.h.e.t.j.p.i.JtaPlatformInitiator       : HHH000489: No JTA platform available (set 'hibernate.transaction.jta.platform' to enable JTA platform integration)
2024-08-30T16:37:20.130Z  INFO 18516 --- [learn-sb] [main] j.LocalContainerEntityManagerFactoryBean : Initialized JPA EntityManagerFactory for persistence unit 'default'
2024-08-30T16:37:21.760Z  INFO 18516 --- [learn-sb] [main] o.s.d.j.r.query.QueryEnhancerFactory     : Hibernate is in classpath; If applicable, HQL parser will be used.
2024-08-30T16:37:23.142Z  WARN 18516 --- [learn-sb] [main] JpaBaseConfiguration$JpaWebConfiguration : spring.jpa.open-in-view is enabled by default. Therefore, database queries may be performed during view rendering. Explicitly configure spring.jpa.open-in-view to disable this warning
2024-08-30T16:37:23.662Z  INFO 18516 --- [learn-sb] [main] r$InitializeUserDetailsManagerConfigurer : Global AuthenticationManager configured with UserDetailsService bean with name customUserDetailService
2024-08-30T16:37:24.649Z  INFO 18516 --- [learn-sb] [main] o.s.b.a.w.s.WelcomePageHandlerMapping    : Adding welcome page: class path resource [static/index.html]
2024-08-30T16:37:27.231Z  INFO 18516 --- [learn-sb] [main] o.s.b.a.e.web.EndpointLinksResolver      : Exposing 4 endpoints beneath base path '/actuator'
2024-08-30T16:37:27.339Z  WARN 18516 --- [learn-sb] [main] ConfigServletWebServerApplicationContext : Exception encountered during context initialization - cancelling refresh attempt: org.springframework.beans.factory.UnsatisfiedDependencyException: Error creating bean with name 'org.springframework.security.config.annotation.web.configuration.WebSecurityConfiguration': Unsatisfied dependency expressed through method 'setFilterChains' parameter 0: Error creating bean with name 'securityFilterChain' defined in class path resource [sn/cisse410/configuration/SecurityConfiguration.class]: Failed to instantiate [org.springframework.security.web.SecurityFilterChain]: Factory method 'securityFilterChain' threw exception with message: Can't configure mvcMatchers after anyRequest
2024-08-30T16:37:27.343Z  INFO 18516 --- [learn-sb] [main] j.LocalContainerEntityManagerFactoryBean : Closing JPA EntityManagerFactory for persistence unit 'default'
2024-08-30T16:37:27.350Z  INFO 18516 --- [learn-sb] [main] com.zaxxer.hikari.HikariDataSource       : HikariPool-1 - Shutdown initiated...
2024-08-30T16:37:27.387Z  INFO 18516 --- [learn-sb] [main] com.zaxxer.hikari.HikariDataSource       : HikariPool-1 - Shutdown completed.
2024-08-30T16:37:27.407Z  INFO 18516 --- [learn-sb] [main] o.apache.catalina.core.StandardService   : Stopping service [Tomcat]
2024-08-30T16:37:27.480Z  INFO 18516 --- [learn-sb] [main] .s.b.a.l.ConditionEvaluationReportLogger : 

Error starting ApplicationContext. To display the condition evaluation report re-run your application with 'debug' enabled.
2024-08-30T16:37:27.554Z ERROR 18516 --- [learn-sb] [main] o.s.boot.SpringApplication               : Application run failed

org.springframework.beans.factory.UnsatisfiedDependencyException: Error creating bean with name 'org.springframework.security.config.annotation.web.configuration.WebSecurityConfiguration': Unsatisfied dependency expressed through method 'setFilterChains' parameter 0: Error creating bean with name 'securityFilterChain' defined in class path resource [sn/cisse410/configuration/SecurityConfiguration.class]: Failed to instantiate [org.springframework.security.web.SecurityFilterChain]: Factory method 'securityFilterChain' threw exception with message: Can't configure mvcMatchers after anyRequest
	at org.springframework.beans.factory.annotation.AutowiredAnnotationBeanPostProcessor$AutowiredMethodElement.resolveMethodArguments(AutowiredAnnotationBeanPostProcessor.java:896) ~[spring-beans-6.1.12.jar:6.1.12]
	at org.springframework.beans.factory.annotation.AutowiredAnnotationBeanPostProcessor$AutowiredMethodElement.inject(AutowiredAnnotationBeanPostProcessor.java:849) ~[spring-beans-6.1.12.jar:6.1.12]
	at org.springframework.beans.factory.annotation.InjectionMetadata.inject(InjectionMetadata.java:145) ~[spring-beans-6.1.12.jar:6.1.12]
	at org.springframework.beans.factory.annotation.AutowiredAnnotationBeanPostProcessor.postProcessProperties(AutowiredAnnotationBeanPostProcessor.java:509) ~[spring-beans-6.1.12.jar:6.1.12]
	at org.springframework.beans.factory.support.AbstractAutowireCapableBeanFactory.populateBean(AbstractAutowireCapableBeanFactory.java:1439) ~[spring-beans-6.1.12.jar:6.1.12]
	at org.springframework.beans.factory.support.AbstractAutowireCapableBeanFactory.doCreateBean(AbstractAutowireCapableBeanFactory.java:599) ~[spring-beans-6.1.12.jar:6.1.12]
	at org.springframework.beans.factory.support.AbstractAutowireCapableBeanFactory.createBean(AbstractAutowireCapableBeanFactory.java:522) ~[spring-beans-6.1.12.jar:6.1.12]
	at org.springframework.beans.factory.support.AbstractBeanFactory.lambda$doGetBean$0(AbstractBeanFactory.java:337) ~[spring-beans-6.1.12.jar:6.1.12]
	at org.springframework.beans.factory.support.DefaultSingletonBeanRegistry.getSingleton(DefaultSingletonBeanRegistry.java:234) ~[spring-beans-6.1.12.jar:6.1.12]
	at org.springframework.beans.factory.support.AbstractBeanFactory.doGetBean(AbstractBeanFactory.java:335) ~[spring-beans-6.1.12.jar:6.1.12]
	at org.springframework.beans.factory.support.AbstractBeanFactory.getBean(AbstractBeanFactory.java:200) ~[spring-beans-6.1.12.jar:6.1.12]
	at org.springframework.beans.factory.support.DefaultListableBeanFactory.preInstantiateSingletons(DefaultListableBeanFactory.java:975) ~[spring-beans-6.1.12.jar:6.1.12]
	at org.springframework.context.support.AbstractApplicationContext.finishBeanFactoryInitialization(AbstractApplicationContext.java:971) ~[spring-context-6.1.12.jar:6.1.12]
	at org.springframework.context.support.AbstractApplicationContext.refresh(AbstractApplicationContext.java:625) ~[spring-context-6.1.12.jar:6.1.12]
	at org.springframework.boot.web.servlet.context.ServletWebServerApplicationContext.refresh(ServletWebServerApplicationContext.java:146) ~[spring-boot-3.3.3.jar:3.3.3]
	at org.springframework.boot.SpringApplication.refresh(SpringApplication.java:754) ~[spring-boot-3.3.3.jar:3.3.3]
	at org.springframework.boot.SpringApplication.refreshContext(SpringApplication.java:456) ~[spring-boot-3.3.3.jar:3.3.3]
	at org.springframework.boot.SpringApplication.run(SpringApplication.java:335) ~[spring-boot-3.3.3.jar:3.3.3]
	at org.springframework.boot.SpringApplication.run(SpringApplication.java:1363) ~[spring-boot-3.3.3.jar:3.3.3]
	at org.springframework.boot.SpringApplication.run(SpringApplication.java:1352) ~[spring-boot-3.3.3.jar:3.3.3]
	at sn.cisse410.LearnSbApplication.main(LearnSbApplication.java:10) ~[classes/:na]
Caused by: org.springframework.beans.factory.BeanCreationException: Error creating bean with name 'securityFilterChain' defined in class path resource [sn/cisse410/configuration/SecurityConfiguration.class]: Failed to instantiate [org.springframework.security.web.SecurityFilterChain]: Factory method 'securityFilterChain' threw exception with message: Can't configure mvcMatchers after anyRequest
	at org.springframework.beans.factory.support.ConstructorResolver.instantiate(ConstructorResolver.java:648) ~[spring-beans-6.1.12.jar:6.1.12]
	at org.springframework.beans.factory.support.ConstructorResolver.instantiateUsingFactoryMethod(ConstructorResolver.java:636) ~[spring-beans-6.1.12.jar:6.1.12]
	at org.springframework.beans.factory.support.AbstractAutowireCapableBeanFactory.instantiateUsingFactoryMethod(AbstractAutowireCapableBeanFactory.java:1355) ~[spring-beans-6.1.12.jar:6.1.12]
	at org.springframework.beans.factory.support.AbstractAutowireCapableBeanFactory.createBeanInstance(AbstractAutowireCapableBeanFactory.java:1185) ~[spring-beans-6.1.12.jar:6.1.12]
	at org.springframework.beans.factory.support.AbstractAutowireCapableBeanFactory.doCreateBean(AbstractAutowireCapableBeanFactory.java:562) ~[spring-beans-6.1.12.jar:6.1.12]
	at org.springframework.beans.factory.support.AbstractAutowireCapableBeanFactory.createBean(AbstractAutowireCapableBeanFactory.java:522) ~[spring-beans-6.1.12.jar:6.1.12]
	at org.springframework.beans.factory.support.AbstractBeanFactory.lambda$doGetBean$0(AbstractBeanFactory.java:337) ~[spring-beans-6.1.12.jar:6.1.12]
	at org.springframework.beans.factory.support.DefaultSingletonBeanRegistry.getSingleton(DefaultSingletonBeanRegistry.java:234) ~[spring-beans-6.1.12.jar:6.1.12]
	at org.springframework.beans.factory.support.AbstractBeanFactory.doGetBean(AbstractBeanFactory.java:335) ~[spring-beans-6.1.12.jar:6.1.12]
	at org.springframework.beans.factory.support.AbstractBeanFactory.getBean(AbstractBeanFactory.java:200) ~[spring-beans-6.1.12.jar:6.1.12]
	at org.springframework.beans.factory.config.DependencyDescriptor.resolveCandidate(DependencyDescriptor.java:254) ~[spring-beans-6.1.12.jar:6.1.12]
	at org.springframework.beans.factory.support.DefaultListableBeanFactory.addCandidateEntry(DefaultListableBeanFactory.java:1689) ~[spring-beans-6.1.12.jar:6.1.12]
	at org.springframework.beans.factory.support.DefaultListableBeanFactory.findAutowireCandidates(DefaultListableBeanFactory.java:1653) ~[spring-beans-6.1.12.jar:6.1.12]
	at org.springframework.beans.factory.support.DefaultListableBeanFactory.resolveMultipleBeanCollection(DefaultListableBeanFactory.java:1543) ~[spring-beans-6.1.12.jar:6.1.12]
	at org.springframework.beans.factory.support.DefaultListableBeanFactory.resolveMultipleBeans(DefaultListableBeanFactory.java:1511) ~[spring-beans-6.1.12.jar:6.1.12]
	at org.springframework.beans.factory.support.DefaultListableBeanFactory.doResolveDependency(DefaultListableBeanFactory.java:1392) ~[spring-beans-6.1.12.jar:6.1.12]
	at org.springframework.beans.factory.support.DefaultListableBeanFactory.resolveDependency(DefaultListableBeanFactory.java:1353) ~[spring-beans-6.1.12.jar:6.1.12]
	at org.springframework.beans.factory.annotation.AutowiredAnnotationBeanPostProcessor$AutowiredMethodElement.resolveMethodArguments(AutowiredAnnotationBeanPostProcessor.java:888) ~[spring-beans-6.1.12.jar:6.1.12]
	... 20 common frames omitted
Caused by: org.springframework.beans.BeanInstantiationException: Failed to instantiate [org.springframework.security.web.SecurityFilterChain]: Factory method 'securityFilterChain' threw exception with message: Can't configure mvcMatchers after anyRequest
	at org.springframework.beans.factory.support.SimpleInstantiationStrategy.instantiate(SimpleInstantiationStrategy.java:178) ~[spring-beans-6.1.12.jar:6.1.12]
	at org.springframework.beans.factory.support.ConstructorResolver.instantiate(ConstructorResolver.java:644) ~[spring-beans-6.1.12.jar:6.1.12]
	... 37 common frames omitted
Caused by: java.lang.IllegalStateException: Can't configure mvcMatchers after anyRequest
	at org.springframework.util.Assert.state(Assert.java:76) ~[spring-core-6.1.12.jar:6.1.12]
	at org.springframework.security.config.annotation.web.AbstractRequestMatcherRegistry.createMvcMatchers(AbstractRequestMatcherRegistry.java:115) ~[spring-security-config-6.3.3.jar:6.3.3]
	at org.springframework.security.config.annotation.web.AbstractRequestMatcherRegistry.requestMatchers(AbstractRequestMatcherRegistry.java:212) ~[spring-security-config-6.3.3.jar:6.3.3]
	at org.springframework.security.config.annotation.web.AbstractRequestMatcherRegistry.requestMatchers(AbstractRequestMatcherRegistry.java:350) ~[spring-security-config-6.3.3.jar:6.3.3]
	at sn.cisse410.configuration.SecurityConfiguration.lambda$1(SecurityConfiguration.java:31) ~[classes/:na]
	at org.springframework.security.config.annotation.web.builders.HttpSecurity.authorizeHttpRequests(HttpSecurity.java:1467) ~[spring-security-config-6.3.3.jar:6.3.3]
	at sn.cisse410.configuration.SecurityConfiguration.securityFilterChain(SecurityConfiguration.java:29) ~[classes/:na]
	at sn.cisse410.configuration.SecurityConfiguration$$SpringCGLIB$$0.CGLIB$securityFilterChain$1(<generated>) ~[classes/:na]
	at sn.cisse410.configuration.SecurityConfiguration$$SpringCGLIB$$FastClass$$1.invoke(<generated>) ~[classes/:na]
	at org.springframework.cglib.proxy.MethodProxy.invokeSuper(MethodProxy.java:258) ~[spring-core-6.1.12.jar:6.1.12]
	at org.springframework.context.annotation.ConfigurationClassEnhancer$BeanMethodInterceptor.intercept(ConfigurationClassEnhancer.java:348) ~[spring-context-6.1.12.jar:6.1.12]
	at sn.cisse410.configuration.SecurityConfiguration$$SpringCGLIB$$0.securityFilterChain(<generated>) ~[classes/:na]
	at java.base/jdk.internal.reflect.DirectMethodHandleAccessor.invoke(DirectMethodHandleAccessor.java:103) ~[na:na]
	at java.base/java.lang.reflect.Method.invoke(Method.java:580) ~[na:na]
	at org.springframework.beans.factory.support.SimpleInstantiationStrategy.instantiate(SimpleInstantiationStrategy.java:146) ~[spring-beans-6.1.12.jar:6.1.12]
	... 38 common frames omitted

2024-08-30T16:42:11.511Z  INFO 20748 --- [learn-sb] [main] sn.cisse410.LearnSbApplication           : Starting LearnSbApplication using Java 21.0.1 with PID 20748 (C:\Users\vPro\Desktop\licence3\working\spring-boot\learn-sb\target\classes started by vPro in C:\Users\vPro\Desktop\licence3\working\spring-boot\learn-sb)
2024-08-30T16:42:11.518Z  INFO 20748 --- [learn-sb] [main] sn.cisse410.LearnSbApplication           : The following 1 profile is active: "dev"
2024-08-30T16:42:14.308Z  INFO 20748 --- [learn-sb] [main] .s.d.r.c.RepositoryConfigurationDelegate : Bootstrapping Spring Data JPA repositories in DEFAULT mode.
2024-08-30T16:42:14.453Z  INFO 20748 --- [learn-sb] [main] .s.d.r.c.RepositoryConfigurationDelegate : Finished Spring Data repository scanning in 125 ms. Found 2 JPA repository interfaces.
2024-08-30T16:42:16.590Z  INFO 20748 --- [learn-sb] [main] o.s.b.w.embedded.tomcat.TomcatWebServer  : Tomcat initialized with port 8500 (http)
2024-08-30T16:42:16.620Z  INFO 20748 --- [learn-sb] [main] o.apache.catalina.core.StandardService   : Starting service [Tomcat]
2024-08-30T16:42:16.622Z  INFO 20748 --- [learn-sb] [main] o.apache.catalina.core.StandardEngine    : Starting Servlet engine: [Apache Tomcat/10.1.28]
2024-08-30T16:42:16.775Z  INFO 20748 --- [learn-sb] [main] o.a.c.c.C.[Tomcat].[localhost].[/]       : Initializing Spring embedded WebApplicationContext
2024-08-30T16:42:16.776Z  INFO 20748 --- [learn-sb] [main] w.s.c.ServletWebServerApplicationContext : Root WebApplicationContext: initialization completed in 5098 ms
2024-08-30T16:42:17.637Z  INFO 20748 --- [learn-sb] [main] o.hibernate.jpa.internal.util.LogHelper  : HHH000204: Processing PersistenceUnitInfo [name: default]
2024-08-30T16:42:17.833Z  INFO 20748 --- [learn-sb] [main] org.hibernate.Version                    : HHH000412: Hibernate ORM core version 6.5.2.Final
2024-08-30T16:42:17.952Z  INFO 20748 --- [learn-sb] [main] o.h.c.internal.RegionFactoryInitiator    : HHH000026: Second-level cache disabled
2024-08-30T16:42:18.664Z  INFO 20748 --- [learn-sb] [main] o.s.o.j.p.SpringPersistenceUnitInfo      : No LoadTimeWeaver setup: ignoring JPA class transformer
2024-08-30T16:42:18.732Z  INFO 20748 --- [learn-sb] [main] com.zaxxer.hikari.HikariDataSource       : HikariPool-1 - Starting...
2024-08-30T16:42:19.036Z  INFO 20748 --- [learn-sb] [main] com.zaxxer.hikari.pool.HikariPool        : HikariPool-1 - Added connection com.mysql.cj.jdbc.ConnectionImpl@264576e4
2024-08-30T16:42:19.042Z  INFO 20748 --- [learn-sb] [main] com.zaxxer.hikari.HikariDataSource       : HikariPool-1 - Start completed.
2024-08-30T16:42:19.131Z  WARN 20748 --- [learn-sb] [main] org.hibernate.dialect.Dialect            : HHH000511: The 5.5.5 version for [org.hibernate.dialect.MySQLDialect] is no longer supported, hence certain features may not work properly. The minimum supported version is 8.0.0. Check the community dialects project for available legacy versions.
2024-08-30T16:42:20.786Z  INFO 20748 --- [learn-sb] [main] o.h.e.t.j.p.i.JtaPlatformInitiator       : HHH000489: No JTA platform available (set 'hibernate.transaction.jta.platform' to enable JTA platform integration)
2024-08-30T16:42:20.892Z  INFO 20748 --- [learn-sb] [main] j.LocalContainerEntityManagerFactoryBean : Initialized JPA EntityManagerFactory for persistence unit 'default'
2024-08-30T16:42:21.873Z  INFO 20748 --- [learn-sb] [main] o.s.d.j.r.query.QueryEnhancerFactory     : Hibernate is in classpath; If applicable, HQL parser will be used.
2024-08-30T16:42:23.175Z  WARN 20748 --- [learn-sb] [main] JpaBaseConfiguration$JpaWebConfiguration : spring.jpa.open-in-view is enabled by default. Therefore, database queries may be performed during view rendering. Explicitly configure spring.jpa.open-in-view to disable this warning
2024-08-30T16:42:23.475Z  INFO 20748 --- [learn-sb] [main] r$InitializeUserDetailsManagerConfigurer : Global AuthenticationManager configured with UserDetailsService bean with name customUserDetailService
2024-08-30T16:42:23.768Z  INFO 20748 --- [learn-sb] [main] o.s.b.a.w.s.WelcomePageHandlerMapping    : Adding welcome page: class path resource [static/index.html]
2024-08-30T16:42:24.746Z  INFO 20748 --- [learn-sb] [main] o.s.b.a.e.web.EndpointLinksResolver      : Exposing 4 endpoints beneath base path '/actuator'
2024-08-30T16:42:27.602Z  INFO 20748 --- [learn-sb] [main] o.s.b.w.embedded.tomcat.TomcatWebServer  : Tomcat started on port 8500 (http) with context path '/'
2024-08-30T16:42:27.663Z  INFO 20748 --- [learn-sb] [main] sn.cisse410.LearnSbApplication           : Started LearnSbApplication in 16.994 seconds (process running for 18.423)
2024-08-30T16:42:29.306Z  INFO 20748 --- [learn-sb] [RMI TCP Connection(3)-127.0.0.1] o.a.c.c.C.[Tomcat].[localhost].[/]       : Initializing Spring DispatcherServlet 'dispatcherServlet'
2024-08-30T16:42:29.307Z  INFO 20748 --- [learn-sb] [RMI TCP Connection(3)-127.0.0.1] o.s.web.servlet.DispatcherServlet        : Initializing Servlet 'dispatcherServlet'
2024-08-30T16:42:29.311Z  INFO 20748 --- [learn-sb] [RMI TCP Connection(3)-127.0.0.1] o.s.web.servlet.DispatcherServlet        : Completed initialization in 3 ms
2024-08-30T16:53:42.492Z  INFO 1752 --- [learn-sb] [main] sn.cisse410.LearnSbApplication           : Starting LearnSbApplication using Java 21.0.1 with PID 1752 (C:\Users\vPro\Desktop\licence3\working\spring-boot\learn-sb\target\classes started by vPro in C:\Users\vPro\Desktop\licence3\working\spring-boot\learn-sb)
2024-08-30T16:53:42.498Z  INFO 1752 --- [learn-sb] [main] sn.cisse410.LearnSbApplication           : The following 1 profile is active: "dev"
2024-08-30T16:53:45.107Z  INFO 1752 --- [learn-sb] [main] .s.d.r.c.RepositoryConfigurationDelegate : Bootstrapping Spring Data JPA repositories in DEFAULT mode.
2024-08-30T16:53:45.270Z  INFO 1752 --- [learn-sb] [main] .s.d.r.c.RepositoryConfigurationDelegate : Finished Spring Data repository scanning in 139 ms. Found 2 JPA repository interfaces.
2024-08-30T16:53:47.421Z  INFO 1752 --- [learn-sb] [main] o.s.b.w.embedded.tomcat.TomcatWebServer  : Tomcat initialized with port 8500 (http)
2024-08-30T16:53:47.445Z  INFO 1752 --- [learn-sb] [main] o.apache.catalina.core.StandardService   : Starting service [Tomcat]
2024-08-30T16:53:47.446Z  INFO 1752 --- [learn-sb] [main] o.apache.catalina.core.StandardEngine    : Starting Servlet engine: [Apache Tomcat/10.1.28]
2024-08-30T16:53:47.578Z  INFO 1752 --- [learn-sb] [main] o.a.c.c.C.[Tomcat].[localhost].[/]       : Initializing Spring embedded WebApplicationContext
2024-08-30T16:53:47.580Z  INFO 1752 --- [learn-sb] [main] w.s.c.ServletWebServerApplicationContext : Root WebApplicationContext: initialization completed in 4955 ms
2024-08-30T16:53:48.517Z  INFO 1752 --- [learn-sb] [main] o.hibernate.jpa.internal.util.LogHelper  : HHH000204: Processing PersistenceUnitInfo [name: default]
2024-08-30T16:53:48.662Z  INFO 1752 --- [learn-sb] [main] org.hibernate.Version                    : HHH000412: Hibernate ORM core version 6.5.2.Final
2024-08-30T16:53:48.737Z  INFO 1752 --- [learn-sb] [main] o.h.c.internal.RegionFactoryInitiator    : HHH000026: Second-level cache disabled
2024-08-30T16:53:49.598Z  INFO 1752 --- [learn-sb] [main] o.s.o.j.p.SpringPersistenceUnitInfo      : No LoadTimeWeaver setup: ignoring JPA class transformer
2024-08-30T16:53:49.722Z  INFO 1752 --- [learn-sb] [main] com.zaxxer.hikari.HikariDataSource       : HikariPool-1 - Starting...
2024-08-30T16:53:50.572Z  INFO 1752 --- [learn-sb] [main] com.zaxxer.hikari.pool.HikariPool        : HikariPool-1 - Added connection com.mysql.cj.jdbc.ConnectionImpl@3aab42d6
2024-08-30T16:53:50.598Z  INFO 1752 --- [learn-sb] [main] com.zaxxer.hikari.HikariDataSource       : HikariPool-1 - Start completed.
2024-08-30T16:53:50.852Z  WARN 1752 --- [learn-sb] [main] org.hibernate.dialect.Dialect            : HHH000511: The 5.5.5 version for [org.hibernate.dialect.MySQLDialect] is no longer supported, hence certain features may not work properly. The minimum supported version is 8.0.0. Check the community dialects project for available legacy versions.
2024-08-30T16:53:53.109Z  INFO 1752 --- [learn-sb] [main] o.h.e.t.j.p.i.JtaPlatformInitiator       : HHH000489: No JTA platform available (set 'hibernate.transaction.jta.platform' to enable JTA platform integration)
2024-08-30T16:53:53.212Z  INFO 1752 --- [learn-sb] [main] j.LocalContainerEntityManagerFactoryBean : Initialized JPA EntityManagerFactory for persistence unit 'default'
2024-08-30T16:53:54.317Z  WARN 1752 --- [learn-sb] [main] JpaBaseConfiguration$JpaWebConfiguration : spring.jpa.open-in-view is enabled by default. Therefore, database queries may be performed during view rendering. Explicitly configure spring.jpa.open-in-view to disable this warning
2024-08-30T16:53:54.452Z  INFO 1752 --- [learn-sb] [main] r$InitializeUserDetailsManagerConfigurer : Global AuthenticationManager configured with UserDetailsService bean with name customUserDetailService
2024-08-30T16:53:54.699Z  INFO 1752 --- [learn-sb] [main] o.s.d.j.r.query.QueryEnhancerFactory     : Hibernate is in classpath; If applicable, HQL parser will be used.
2024-08-30T16:53:56.255Z  INFO 1752 --- [learn-sb] [main] o.s.b.a.w.s.WelcomePageHandlerMapping    : Adding welcome page: class path resource [static/index.html]
2024-08-30T16:53:58.456Z  INFO 1752 --- [learn-sb] [main] o.s.b.a.e.web.EndpointLinksResolver      : Exposing 4 endpoints beneath base path '/actuator'
2024-08-30T16:54:00.271Z  INFO 1752 --- [learn-sb] [main] o.s.b.w.embedded.tomcat.TomcatWebServer  : Tomcat started on port 8500 (http) with context path '/'
2024-08-30T16:54:00.318Z  INFO 1752 --- [learn-sb] [main] sn.cisse410.LearnSbApplication           : Started LearnSbApplication in 18.815 seconds (process running for 20.74)
2024-08-30T16:54:02.572Z  INFO 1752 --- [learn-sb] [RMI TCP Connection(2)-127.0.0.1] o.a.c.c.C.[Tomcat].[localhost].[/]       : Initializing Spring DispatcherServlet 'dispatcherServlet'
2024-08-30T16:54:02.577Z  INFO 1752 --- [learn-sb] [RMI TCP Connection(2)-127.0.0.1] o.s.web.servlet.DispatcherServlet        : Initializing Servlet 'dispatcherServlet'
2024-08-30T16:54:02.579Z  INFO 1752 --- [learn-sb] [RMI TCP Connection(2)-127.0.0.1] o.s.web.servlet.DispatcherServlet        : Completed initialization in 1 ms
2024-08-30T16:54:57.604Z  INFO 11188 --- [learn-sb] [main] sn.cisse410.LearnSbApplication           : Starting LearnSbApplication using Java 21.0.1 with PID 11188 (C:\Users\vPro\Desktop\licence3\working\spring-boot\learn-sb\target\classes started by vPro in C:\Users\vPro\Desktop\licence3\working\spring-boot\learn-sb)
2024-08-30T16:54:57.610Z  INFO 11188 --- [learn-sb] [main] sn.cisse410.LearnSbApplication           : The following 1 profile is active: "dev"
2024-08-30T16:55:01.689Z  INFO 11188 --- [learn-sb] [main] .s.d.r.c.RepositoryConfigurationDelegate : Bootstrapping Spring Data JPA repositories in DEFAULT mode.
2024-08-30T16:55:01.855Z  INFO 11188 --- [learn-sb] [main] .s.d.r.c.RepositoryConfigurationDelegate : Finished Spring Data repository scanning in 144 ms. Found 2 JPA repository interfaces.
2024-08-30T16:55:04.195Z  INFO 11188 --- [learn-sb] [main] o.s.b.w.embedded.tomcat.TomcatWebServer  : Tomcat initialized with port 8500 (http)
2024-08-30T16:55:04.220Z  INFO 11188 --- [learn-sb] [main] o.apache.catalina.core.StandardService   : Starting service [Tomcat]
2024-08-30T16:55:04.221Z  INFO 11188 --- [learn-sb] [main] o.apache.catalina.core.StandardEngine    : Starting Servlet engine: [Apache Tomcat/10.1.28]
2024-08-30T16:55:04.355Z  INFO 11188 --- [learn-sb] [main] o.a.c.c.C.[Tomcat].[localhost].[/]       : Initializing Spring embedded WebApplicationContext
2024-08-30T16:55:04.357Z  INFO 11188 --- [learn-sb] [main] w.s.c.ServletWebServerApplicationContext : Root WebApplicationContext: initialization completed in 6628 ms
2024-08-30T16:55:05.358Z  INFO 11188 --- [learn-sb] [main] o.hibernate.jpa.internal.util.LogHelper  : HHH000204: Processing PersistenceUnitInfo [name: default]
2024-08-30T16:55:05.551Z  INFO 11188 --- [learn-sb] [main] org.hibernate.Version                    : HHH000412: Hibernate ORM core version 6.5.2.Final
2024-08-30T16:55:05.637Z  INFO 11188 --- [learn-sb] [main] o.h.c.internal.RegionFactoryInitiator    : HHH000026: Second-level cache disabled
2024-08-30T16:55:06.512Z  INFO 11188 --- [learn-sb] [main] o.s.o.j.p.SpringPersistenceUnitInfo      : No LoadTimeWeaver setup: ignoring JPA class transformer
2024-08-30T16:55:06.582Z  INFO 11188 --- [learn-sb] [main] com.zaxxer.hikari.HikariDataSource       : HikariPool-1 - Starting...
2024-08-30T16:55:06.969Z  INFO 11188 --- [learn-sb] [main] com.zaxxer.hikari.pool.HikariPool        : HikariPool-1 - Added connection com.mysql.cj.jdbc.ConnectionImpl@68f79b7c
2024-08-30T16:55:06.974Z  INFO 11188 --- [learn-sb] [main] com.zaxxer.hikari.HikariDataSource       : HikariPool-1 - Start completed.
2024-08-30T16:55:07.099Z  WARN 11188 --- [learn-sb] [main] org.hibernate.dialect.Dialect            : HHH000511: The 5.5.5 version for [org.hibernate.dialect.MySQLDialect] is no longer supported, hence certain features may not work properly. The minimum supported version is 8.0.0. Check the community dialects project for available legacy versions.
2024-08-30T16:55:09.170Z  INFO 11188 --- [learn-sb] [main] o.h.e.t.j.p.i.JtaPlatformInitiator       : HHH000489: No JTA platform available (set 'hibernate.transaction.jta.platform' to enable JTA platform integration)
2024-08-30T16:55:09.270Z  INFO 11188 --- [learn-sb] [main] j.LocalContainerEntityManagerFactoryBean : Initialized JPA EntityManagerFactory for persistence unit 'default'
2024-08-30T16:55:10.361Z  WARN 11188 --- [learn-sb] [main] JpaBaseConfiguration$JpaWebConfiguration : spring.jpa.open-in-view is enabled by default. Therefore, database queries may be performed during view rendering. Explicitly configure spring.jpa.open-in-view to disable this warning
2024-08-30T16:55:10.490Z  INFO 11188 --- [learn-sb] [main] r$InitializeUserDetailsManagerConfigurer : Global AuthenticationManager configured with UserDetailsService bean with name customUserDetailService
2024-08-30T16:55:10.734Z  INFO 11188 --- [learn-sb] [main] o.s.d.j.r.query.QueryEnhancerFactory     : Hibernate is in classpath; If applicable, HQL parser will be used.
2024-08-30T16:55:12.707Z  INFO 11188 --- [learn-sb] [main] o.s.b.a.w.s.WelcomePageHandlerMapping    : Adding welcome page: class path resource [static/index.html]
2024-08-30T16:55:13.717Z  INFO 11188 --- [learn-sb] [main] o.s.b.a.e.web.EndpointLinksResolver      : Exposing 4 endpoints beneath base path '/actuator'
2024-08-30T16:55:15.372Z  INFO 11188 --- [learn-sb] [RMI TCP Connection(3)-127.0.0.1] o.a.c.c.C.[Tomcat].[localhost].[/]       : Initializing Spring DispatcherServlet 'dispatcherServlet'
2024-08-30T16:55:15.374Z  INFO 11188 --- [learn-sb] [RMI TCP Connection(3)-127.0.0.1] o.s.web.servlet.DispatcherServlet        : Initializing Servlet 'dispatcherServlet'
2024-08-30T16:55:15.456Z  INFO 11188 --- [learn-sb] [RMI TCP Connection(3)-127.0.0.1] o.s.web.servlet.DispatcherServlet        : Completed initialization in 53 ms
2024-08-30T16:55:15.968Z  INFO 11188 --- [learn-sb] [main] o.s.b.w.embedded.tomcat.TomcatWebServer  : Tomcat started on port 8500 (http) with context path '/'
2024-08-30T16:55:16.435Z  INFO 11188 --- [learn-sb] [main] sn.cisse410.LearnSbApplication           : Started LearnSbApplication in 19.966 seconds (process running for 21.776)
2024-08-30T16:55:34.089Z  INFO 22964 --- [learn-sb] [main] sn.cisse410.LearnSbApplication           : Starting LearnSbApplication using Java 21.0.1 with PID 22964 (C:\Users\vPro\Desktop\licence3\working\spring-boot\learn-sb\target\classes started by vPro in C:\Users\vPro\Desktop\licence3\working\spring-boot\learn-sb)
2024-08-30T16:55:34.100Z  INFO 22964 --- [learn-sb] [main] sn.cisse410.LearnSbApplication           : The following 1 profile is active: "dev"
2024-08-30T16:55:37.294Z  INFO 22964 --- [learn-sb] [main] .s.d.r.c.RepositoryConfigurationDelegate : Bootstrapping Spring Data JPA repositories in DEFAULT mode.
2024-08-30T16:55:37.462Z  INFO 22964 --- [learn-sb] [main] .s.d.r.c.RepositoryConfigurationDelegate : Finished Spring Data repository scanning in 147 ms. Found 2 JPA repository interfaces.
2024-08-30T16:55:39.480Z  INFO 22964 --- [learn-sb] [main] o.s.b.w.embedded.tomcat.TomcatWebServer  : Tomcat initialized with port 8500 (http)
2024-08-30T16:55:39.513Z  INFO 22964 --- [learn-sb] [main] o.apache.catalina.core.StandardService   : Starting service [Tomcat]
2024-08-30T16:55:39.516Z  INFO 22964 --- [learn-sb] [main] o.apache.catalina.core.StandardEngine    : Starting Servlet engine: [Apache Tomcat/10.1.28]
2024-08-30T16:55:39.704Z  INFO 22964 --- [learn-sb] [main] o.a.c.c.C.[Tomcat].[localhost].[/]       : Initializing Spring embedded WebApplicationContext
2024-08-30T16:55:39.707Z  INFO 22964 --- [learn-sb] [main] w.s.c.ServletWebServerApplicationContext : Root WebApplicationContext: initialization completed in 5456 ms
2024-08-30T16:55:40.596Z  INFO 22964 --- [learn-sb] [main] o.hibernate.jpa.internal.util.LogHelper  : HHH000204: Processing PersistenceUnitInfo [name: default]
2024-08-30T16:55:40.780Z  INFO 22964 --- [learn-sb] [main] org.hibernate.Version                    : HHH000412: Hibernate ORM core version 6.5.2.Final
2024-08-30T16:55:40.868Z  INFO 22964 --- [learn-sb] [main] o.h.c.internal.RegionFactoryInitiator    : HHH000026: Second-level cache disabled
2024-08-30T16:55:41.673Z  INFO 22964 --- [learn-sb] [main] o.s.o.j.p.SpringPersistenceUnitInfo      : No LoadTimeWeaver setup: ignoring JPA class transformer
2024-08-30T16:55:41.785Z  INFO 22964 --- [learn-sb] [main] com.zaxxer.hikari.HikariDataSource       : HikariPool-1 - Starting...
2024-08-30T16:55:42.273Z  INFO 22964 --- [learn-sb] [main] com.zaxxer.hikari.pool.HikariPool        : HikariPool-1 - Added connection com.mysql.cj.jdbc.ConnectionImpl@37142579
2024-08-30T16:55:42.285Z  INFO 22964 --- [learn-sb] [main] com.zaxxer.hikari.HikariDataSource       : HikariPool-1 - Start completed.
2024-08-30T16:55:42.453Z  WARN 22964 --- [learn-sb] [main] org.hibernate.dialect.Dialect            : HHH000511: The 5.5.5 version for [org.hibernate.dialect.MySQLDialect] is no longer supported, hence certain features may not work properly. The minimum supported version is 8.0.0. Check the community dialects project for available legacy versions.
2024-08-30T16:55:43.912Z  INFO 22964 --- [learn-sb] [main] o.h.e.t.j.p.i.JtaPlatformInitiator       : HHH000489: No JTA platform available (set 'hibernate.transaction.jta.platform' to enable JTA platform integration)
2024-08-30T16:55:44.007Z  INFO 22964 --- [learn-sb] [main] j.LocalContainerEntityManagerFactoryBean : Initialized JPA EntityManagerFactory for persistence unit 'default'
2024-08-30T16:55:45.088Z  WARN 22964 --- [learn-sb] [main] JpaBaseConfiguration$JpaWebConfiguration : spring.jpa.open-in-view is enabled by default. Therefore, database queries may be performed during view rendering. Explicitly configure spring.jpa.open-in-view to disable this warning
2024-08-30T16:55:45.214Z  INFO 22964 --- [learn-sb] [main] r$InitializeUserDetailsManagerConfigurer : Global AuthenticationManager configured with UserDetailsService bean with name customUserDetailService
2024-08-30T16:55:45.479Z  INFO 22964 --- [learn-sb] [main] o.s.d.j.r.query.QueryEnhancerFactory     : Hibernate is in classpath; If applicable, HQL parser will be used.
2024-08-30T16:55:46.686Z  INFO 22964 --- [learn-sb] [main] o.s.b.a.w.s.WelcomePageHandlerMapping    : Adding welcome page: class path resource [static/index.html]
2024-08-30T16:55:49.450Z  INFO 22964 --- [learn-sb] [main] o.s.b.a.e.web.EndpointLinksResolver      : Exposing 4 endpoints beneath base path '/actuator'
2024-08-30T16:55:51.732Z  INFO 22964 --- [learn-sb] [main] o.s.b.w.embedded.tomcat.TomcatWebServer  : Tomcat started on port 8500 (http) with context path '/'
2024-08-30T16:55:51.787Z  INFO 22964 --- [learn-sb] [main] sn.cisse410.LearnSbApplication           : Started LearnSbApplication in 18.54 seconds (process running for 19.678)
2024-08-30T16:55:51.928Z  INFO 22964 --- [learn-sb] [RMI TCP Connection(2)-127.0.0.1] o.a.c.c.C.[Tomcat].[localhost].[/]       : Initializing Spring DispatcherServlet 'dispatcherServlet'
2024-08-30T16:55:51.929Z  INFO 22964 --- [learn-sb] [RMI TCP Connection(2)-127.0.0.1] o.s.web.servlet.DispatcherServlet        : Initializing Servlet 'dispatcherServlet'
2024-08-30T16:55:51.933Z  INFO 22964 --- [learn-sb] [RMI TCP Connection(2)-127.0.0.1] o.s.web.servlet.DispatcherServlet        : Completed initialization in 3 ms
2024-08-30T16:59:06.971Z  WARN 22964 --- [learn-sb] [http-nio-8500-exec-5] .w.s.m.s.DefaultHandlerExceptionResolver : Resolved [org.springframework.web.HttpRequestMethodNotSupportedException: Request method 'GET' is not supported]
2024-08-30T16:59:20.327Z  INFO 3652 --- [learn-sb] [main] sn.cisse410.LearnSbApplication           : Starting LearnSbApplication using Java 21.0.1 with PID 3652 (C:\Users\vPro\Desktop\licence3\working\spring-boot\learn-sb\target\classes started by vPro in C:\Users\vPro\Desktop\licence3\working\spring-boot\learn-sb)
2024-08-30T16:59:20.337Z  INFO 3652 --- [learn-sb] [main] sn.cisse410.LearnSbApplication           : The following 1 profile is active: "dev"
2024-08-30T16:59:23.331Z  INFO 3652 --- [learn-sb] [main] .s.d.r.c.RepositoryConfigurationDelegate : Bootstrapping Spring Data JPA repositories in DEFAULT mode.
2024-08-30T16:59:23.432Z  INFO 3652 --- [learn-sb] [main] .s.d.r.c.RepositoryConfigurationDelegate : Finished Spring Data repository scanning in 86 ms. Found 2 JPA repository interfaces.
2024-08-30T16:59:25.936Z  INFO 3652 --- [learn-sb] [main] o.s.b.w.embedded.tomcat.TomcatWebServer  : Tomcat initialized with port 8500 (http)
2024-08-30T16:59:26.017Z  INFO 3652 --- [learn-sb] [main] o.apache.catalina.core.StandardService   : Starting service [Tomcat]
2024-08-30T16:59:26.037Z  INFO 3652 --- [learn-sb] [main] o.apache.catalina.core.StandardEngine    : Starting Servlet engine: [Apache Tomcat/10.1.28]
2024-08-30T16:59:26.326Z  INFO 3652 --- [learn-sb] [main] o.a.c.c.C.[Tomcat].[localhost].[/]       : Initializing Spring embedded WebApplicationContext
2024-08-30T16:59:26.328Z  INFO 3652 --- [learn-sb] [main] w.s.c.ServletWebServerApplicationContext : Root WebApplicationContext: initialization completed in 5853 ms
2024-08-30T16:59:27.926Z  INFO 3652 --- [learn-sb] [main] o.hibernate.jpa.internal.util.LogHelper  : HHH000204: Processing PersistenceUnitInfo [name: default]
2024-08-30T16:59:28.179Z  INFO 3652 --- [learn-sb] [main] org.hibernate.Version                    : HHH000412: Hibernate ORM core version 6.5.2.Final
2024-08-30T16:59:28.294Z  INFO 3652 --- [learn-sb] [main] o.h.c.internal.RegionFactoryInitiator    : HHH000026: Second-level cache disabled
2024-08-30T16:59:29.681Z  INFO 3652 --- [learn-sb] [main] o.s.o.j.p.SpringPersistenceUnitInfo      : No LoadTimeWeaver setup: ignoring JPA class transformer
2024-08-30T16:59:29.760Z  INFO 3652 --- [learn-sb] [main] com.zaxxer.hikari.HikariDataSource       : HikariPool-1 - Starting...
2024-08-30T16:59:30.184Z  INFO 3652 --- [learn-sb] [main] com.zaxxer.hikari.pool.HikariPool        : HikariPool-1 - Added connection com.mysql.cj.jdbc.ConnectionImpl@67ecf7ed
2024-08-30T16:59:30.194Z  INFO 3652 --- [learn-sb] [main] com.zaxxer.hikari.HikariDataSource       : HikariPool-1 - Start completed.
2024-08-30T16:59:30.340Z  WARN 3652 --- [learn-sb] [main] org.hibernate.dialect.Dialect            : HHH000511: The 5.5.5 version for [org.hibernate.dialect.MySQLDialect] is no longer supported, hence certain features may not work properly. The minimum supported version is 8.0.0. Check the community dialects project for available legacy versions.
2024-08-30T16:59:32.524Z  INFO 3652 --- [learn-sb] [main] o.h.e.t.j.p.i.JtaPlatformInitiator       : HHH000489: No JTA platform available (set 'hibernate.transaction.jta.platform' to enable JTA platform integration)
2024-08-30T16:59:32.626Z  INFO 3652 --- [learn-sb] [main] j.LocalContainerEntityManagerFactoryBean : Initialized JPA EntityManagerFactory for persistence unit 'default'
2024-08-30T16:59:33.596Z  WARN 3652 --- [learn-sb] [main] JpaBaseConfiguration$JpaWebConfiguration : spring.jpa.open-in-view is enabled by default. Therefore, database queries may be performed during view rendering. Explicitly configure spring.jpa.open-in-view to disable this warning
2024-08-30T16:59:33.744Z  INFO 3652 --- [learn-sb] [main] r$InitializeUserDetailsManagerConfigurer : Global AuthenticationManager configured with UserDetailsService bean with name customUserDetailService
2024-08-30T16:59:33.974Z  INFO 3652 --- [learn-sb] [main] o.s.d.j.r.query.QueryEnhancerFactory     : Hibernate is in classpath; If applicable, HQL parser will be used.
2024-08-30T16:59:35.081Z  INFO 3652 --- [learn-sb] [main] o.s.b.a.w.s.WelcomePageHandlerMapping    : Adding welcome page: class path resource [static/index.html]
2024-08-30T16:59:35.957Z  INFO 3652 --- [learn-sb] [main] o.s.b.a.e.web.EndpointLinksResolver      : Exposing 4 endpoints beneath base path '/actuator'
2024-08-30T16:59:37.743Z  INFO 3652 --- [learn-sb] [main] o.s.b.w.embedded.tomcat.TomcatWebServer  : Tomcat started on port 8500 (http) with context path '/'
2024-08-30T16:59:37.775Z  INFO 3652 --- [learn-sb] [RMI TCP Connection(2)-127.0.0.1] o.a.c.c.C.[Tomcat].[localhost].[/]       : Initializing Spring DispatcherServlet 'dispatcherServlet'
2024-08-30T16:59:37.793Z  INFO 3652 --- [learn-sb] [RMI TCP Connection(2)-127.0.0.1] o.s.web.servlet.DispatcherServlet        : Initializing Servlet 'dispatcherServlet'
2024-08-30T16:59:37.797Z  INFO 3652 --- [learn-sb] [RMI TCP Connection(2)-127.0.0.1] o.s.web.servlet.DispatcherServlet        : Completed initialization in 3 ms
2024-08-30T16:59:37.845Z  INFO 3652 --- [learn-sb] [main] sn.cisse410.LearnSbApplication           : Started LearnSbApplication in 18.44 seconds (process running for 20.014)
2024-08-30T17:00:20.526Z  WARN 3652 --- [learn-sb] [http-nio-8500-exec-2] .w.s.m.s.DefaultHandlerExceptionResolver : Resolved [org.springframework.web.HttpRequestMethodNotSupportedException: Request method 'GET' is not supported]
2024-08-30T17:00:37.956Z  WARN 3652 --- [learn-sb] [http-nio-8500-exec-6] .w.s.m.s.DefaultHandlerExceptionResolver : Resolved [org.springframework.web.HttpRequestMethodNotSupportedException: Request method 'GET' is not supported]
2024-08-30T17:00:50.464Z  WARN 3652 --- [learn-sb] [http-nio-8500-exec-4] .w.s.m.s.DefaultHandlerExceptionResolver : Resolved [org.springframework.web.HttpRequestMethodNotSupportedException: Request method 'GET' is not supported]
2024-08-30T17:01:01.610Z  WARN 3652 --- [learn-sb] [http-nio-8500-exec-7] .w.s.m.s.DefaultHandlerExceptionResolver : Resolved [org.springframework.web.HttpRequestMethodNotSupportedException: Request method 'GET' is not supported]
